<?xml version="1.0" encoding="UTF-8"?>
<testExecutions version="1">
  <file path="./src/index.test.js">
    <testCase name="Apply Discount" duration="5"/>
    <testCase name="Apply big discount" duration="1"/>
  </file>
</testExecutions>